[handleMsg]:  {
  key: {
    remoteJid: '584246112393@s.whatsapp.net',
    fromMe: false,
    id: 'BE2970E3C1B79A25FFAFB0306688DC6E',
    participant: undefined
  },
  messageTimestamp: 1677766447,
  pushName: 'Milla Blanco',
  message: Message {
    extendedTextMessage: ExtendedTextMessage {
      text: 'Administrador',
      previewType: 0,
      contextInfo: [ContextInfo],
      inviteLinkGroupTypeV2: 0
    },
    messageContextInfo: MessageContextInfo {
      deviceListMetadata: [DeviceListMetadata],
      deviceListMetadataVersion: 2
    }
  },
  body: 'Administrador',
  from: '584246112393'
}
[handleMsg]:  {
  key: {
    remoteJid: '584246112393@s.whatsapp.net',
    fromMe: false,
    id: '44DC9876C4F5533A2BE00CB2E507CE87',
    participant: undefined
  },
  messageTimestamp: 1677766450,
  pushName: 'Milla Blanco',
  message: Message {
    messageContextInfo: MessageContextInfo {
      deviceListMetadata: [DeviceListMetadata],
      deviceListMetadataVersion: 2
    },
    buttonsResponseMessage: ButtonsResponseMessage {
      selectedButtonId: 'id-btn-0',
      selectedDisplayText: 'Estadistica',
      contextInfo: [ContextInfo],
      type: 1
    }
  },
  body: 'Estadistica',
  from: '584246112393'
}
[handleMsg]:  {
  key: {
    remoteJid: '584246112393@s.whatsapp.net',
    fromMe: false,
    id: '7E971DF4019D61B935E1E941FEF79B5C',
    participant: undefined
  },
  messageTimestamp: 1677766456,
  pushName: 'Milla Blanco',
  message: Message {
    messageContextInfo: MessageContextInfo {
      deviceListMetadata: [DeviceListMetadata],
      deviceListMetadataVersion: 2
    },
    buttonsResponseMessage: ButtonsResponseMessage {
      selectedButtonId: 'id-btn-1',
      selectedDisplayText: 'Keoplanner',
      contextInfo: [ContextInfo],
      type: 1
    }
  },
  body: 'Keoplanner',
  from: '584246112393'
}
